Determining if the pthread_create exist failed with the following output:
Change Dir: /home/pi/ros_catkin_ws/build_isolated/cv_bridge/CMakeFiles/CMakeTmp

Run Build Command:"/usr/bin/make" "cmTC_2bd6a/fast"
/usr/bin/make -f CMakeFiles/cmTC_2bd6a.dir/build.make CMakeFiles/cmTC_2bd6a.dir/build
make[1]: Entering directory '/home/pi/ros_catkin_ws/build_isolated/cv_bridge/CMakeFiles/CMakeTmp'
Building C object CMakeFiles/cmTC_2bd6a.dir/CheckSymbolExists.c.o
/usr/bin/cc     -o CMakeFiles/cmTC_2bd6a.dir/CheckSymbolExists.c.o   -c /home/pi/ros_catkin_ws/build_isolated/cv_bridge/CMakeFiles/CMakeTmp/CheckSymbolExists.c
Linking C executable cmTC_2bd6a
/usr/bin/cmake -E cmake_link_script CMakeFiles/cmTC_2bd6a.dir/link.txt --verbose=1
/usr/bin/cc       CMakeFiles/cmTC_2bd6a.dir/CheckSymbolExists.c.o  -o cmTC_2bd6a -rdynamic 
CMakeFiles/cmTC_2bd6a.dir/CheckSymbolExists.c.o: In function `main':
CheckSymbolExists.c:(.text+0x38): undefined reference to `pthread_create'
collect2: error: ld returned 1 exit status
CMakeFiles/cmTC_2bd6a.dir/build.make:97: recipe for target 'cmTC_2bd6a' failed
make[1]: *** [cmTC_2bd6a] Error 1
make[1]: Leaving directory '/home/pi/ros_catkin_ws/build_isolated/cv_bridge/CMakeFiles/CMakeTmp'
Makefile:126: recipe for target 'cmTC_2bd6a/fast' failed
make: *** [cmTC_2bd6a/fast] Error 2

File /home/pi/ros_catkin_ws/build_isolated/cv_bridge/CMakeFiles/CMakeTmp/CheckSymbolExists.c:
/* */
#include <pthread.h>

int main(int argc, char** argv)
{
  (void)argv;
#ifndef pthread_create
  return ((int*)(&pthread_create))[argc];
#else
  (void)argc;
  return 0;
#endif
}

Determining if the function pthread_create exists in the pthreads failed with the following output:
Change Dir: /home/pi/ros_catkin_ws/build_isolated/cv_bridge/CMakeFiles/CMakeTmp

Run Build Command:"/usr/bin/make" "cmTC_d6de5/fast"
/usr/bin/make -f CMakeFiles/cmTC_d6de5.dir/build.make CMakeFiles/cmTC_d6de5.dir/build
make[1]: Entering directory '/home/pi/ros_catkin_ws/build_isolated/cv_bridge/CMakeFiles/CMakeTmp'
Building C object CMakeFiles/cmTC_d6de5.dir/CheckFunctionExists.c.o
/usr/bin/cc    -DCHECK_FUNCTION_EXISTS=pthread_create   -o CMakeFiles/cmTC_d6de5.dir/CheckFunctionExists.c.o   -c /usr/share/cmake-3.7/Modules/CheckFunctionExists.c
Linking C executable cmTC_d6de5
/usr/bin/cmake -E cmake_link_script CMakeFiles/cmTC_d6de5.dir/link.txt --verbose=1
/usr/bin/cc   -DCHECK_FUNCTION_EXISTS=pthread_create    CMakeFiles/cmTC_d6de5.dir/CheckFunctionExists.c.o  -o cmTC_d6de5 -rdynamic -lpthreads 
/usr/bin/ld: cannot find -lpthreads
collect2: error: ld returned 1 exit status
CMakeFiles/cmTC_d6de5.dir/build.make:97: recipe for target 'cmTC_d6de5' failed
make[1]: *** [cmTC_d6de5] Error 1
make[1]: Leaving directory '/home/pi/ros_catkin_ws/build_isolated/cv_bridge/CMakeFiles/CMakeTmp'
Makefile:126: recipe for target 'cmTC_d6de5/fast' failed
make: *** [cmTC_d6de5/fast] Error 2


