Determining if the pthread_create exist failed with the following output:
Change Dir: /home/pi/ros_catkin_ws/build_isolated/rosunit/CMakeFiles/CMakeTmp

Run Build Command:"/usr/bin/make" "cmTC_c4237/fast"
/usr/bin/make -f CMakeFiles/cmTC_c4237.dir/build.make CMakeFiles/cmTC_c4237.dir/build
make[1]: Entering directory '/home/pi/ros_catkin_ws/build_isolated/rosunit/CMakeFiles/CMakeTmp'
Building C object CMakeFiles/cmTC_c4237.dir/CheckSymbolExists.c.o
/usr/bin/cc     -o CMakeFiles/cmTC_c4237.dir/CheckSymbolExists.c.o   -c /home/pi/ros_catkin_ws/build_isolated/rosunit/CMakeFiles/CMakeTmp/CheckSymbolExists.c
Linking C executable cmTC_c4237
/usr/bin/cmake -E cmake_link_script CMakeFiles/cmTC_c4237.dir/link.txt --verbose=1
/usr/bin/cc       CMakeFiles/cmTC_c4237.dir/CheckSymbolExists.c.o  -o cmTC_c4237 -rdynamic 
CMakeFiles/cmTC_c4237.dir/CheckSymbolExists.c.o: In function `main':
CheckSymbolExists.c:(.text+0x38): undefined reference to `pthread_create'
collect2: error: ld returned 1 exit status
CMakeFiles/cmTC_c4237.dir/build.make:97: recipe for target 'cmTC_c4237' failed
make[1]: *** [cmTC_c4237] Error 1
make[1]: Leaving directory '/home/pi/ros_catkin_ws/build_isolated/rosunit/CMakeFiles/CMakeTmp'
Makefile:126: recipe for target 'cmTC_c4237/fast' failed
make: *** [cmTC_c4237/fast] Error 2

File /home/pi/ros_catkin_ws/build_isolated/rosunit/CMakeFiles/CMakeTmp/CheckSymbolExists.c:
/* */
#include <pthread.h>

int main(int argc, char** argv)
{
  (void)argv;
#ifndef pthread_create
  return ((int*)(&pthread_create))[argc];
#else
  (void)argc;
  return 0;
#endif
}

Determining if the function pthread_create exists in the pthreads failed with the following output:
Change Dir: /home/pi/ros_catkin_ws/build_isolated/rosunit/CMakeFiles/CMakeTmp

Run Build Command:"/usr/bin/make" "cmTC_92982/fast"
/usr/bin/make -f CMakeFiles/cmTC_92982.dir/build.make CMakeFiles/cmTC_92982.dir/build
make[1]: Entering directory '/home/pi/ros_catkin_ws/build_isolated/rosunit/CMakeFiles/CMakeTmp'
Building C object CMakeFiles/cmTC_92982.dir/CheckFunctionExists.c.o
/usr/bin/cc    -DCHECK_FUNCTION_EXISTS=pthread_create   -o CMakeFiles/cmTC_92982.dir/CheckFunctionExists.c.o   -c /usr/share/cmake-3.7/Modules/CheckFunctionExists.c
Linking C executable cmTC_92982
/usr/bin/cmake -E cmake_link_script CMakeFiles/cmTC_92982.dir/link.txt --verbose=1
/usr/bin/cc   -DCHECK_FUNCTION_EXISTS=pthread_create    CMakeFiles/cmTC_92982.dir/CheckFunctionExists.c.o  -o cmTC_92982 -rdynamic -lpthreads 
/usr/bin/ld: cannot find -lpthreads
collect2: error: ld returned 1 exit status
CMakeFiles/cmTC_92982.dir/build.make:97: recipe for target 'cmTC_92982' failed
make[1]: *** [cmTC_92982] Error 1
make[1]: Leaving directory '/home/pi/ros_catkin_ws/build_isolated/rosunit/CMakeFiles/CMakeTmp'
Makefile:126: recipe for target 'cmTC_92982/fast' failed
make: *** [cmTC_92982/fast] Error 2


