Determining if the pthread_create exist failed with the following output:
Change Dir: /home/pi/ros_catkin_ws/build_isolated/rosgraph/CMakeFiles/CMakeTmp

Run Build Command:"/usr/bin/make" "cmTC_73834/fast"
/usr/bin/make -f CMakeFiles/cmTC_73834.dir/build.make CMakeFiles/cmTC_73834.dir/build
make[1]: Entering directory '/home/pi/ros_catkin_ws/build_isolated/rosgraph/CMakeFiles/CMakeTmp'
Building C object CMakeFiles/cmTC_73834.dir/CheckSymbolExists.c.o
/usr/bin/cc     -o CMakeFiles/cmTC_73834.dir/CheckSymbolExists.c.o   -c /home/pi/ros_catkin_ws/build_isolated/rosgraph/CMakeFiles/CMakeTmp/CheckSymbolExists.c
Linking C executable cmTC_73834
/usr/bin/cmake -E cmake_link_script CMakeFiles/cmTC_73834.dir/link.txt --verbose=1
/usr/bin/cc       CMakeFiles/cmTC_73834.dir/CheckSymbolExists.c.o  -o cmTC_73834 -rdynamic 
CMakeFiles/cmTC_73834.dir/CheckSymbolExists.c.o: In function `main':
CheckSymbolExists.c:(.text+0x38): undefined reference to `pthread_create'
collect2: error: ld returned 1 exit status
CMakeFiles/cmTC_73834.dir/build.make:97: recipe for target 'cmTC_73834' failed
make[1]: *** [cmTC_73834] Error 1
make[1]: Leaving directory '/home/pi/ros_catkin_ws/build_isolated/rosgraph/CMakeFiles/CMakeTmp'
Makefile:126: recipe for target 'cmTC_73834/fast' failed
make: *** [cmTC_73834/fast] Error 2

File /home/pi/ros_catkin_ws/build_isolated/rosgraph/CMakeFiles/CMakeTmp/CheckSymbolExists.c:
/* */
#include <pthread.h>

int main(int argc, char** argv)
{
  (void)argv;
#ifndef pthread_create
  return ((int*)(&pthread_create))[argc];
#else
  (void)argc;
  return 0;
#endif
}

Determining if the function pthread_create exists in the pthreads failed with the following output:
Change Dir: /home/pi/ros_catkin_ws/build_isolated/rosgraph/CMakeFiles/CMakeTmp

Run Build Command:"/usr/bin/make" "cmTC_696a5/fast"
/usr/bin/make -f CMakeFiles/cmTC_696a5.dir/build.make CMakeFiles/cmTC_696a5.dir/build
make[1]: Entering directory '/home/pi/ros_catkin_ws/build_isolated/rosgraph/CMakeFiles/CMakeTmp'
Building C object CMakeFiles/cmTC_696a5.dir/CheckFunctionExists.c.o
/usr/bin/cc    -DCHECK_FUNCTION_EXISTS=pthread_create   -o CMakeFiles/cmTC_696a5.dir/CheckFunctionExists.c.o   -c /usr/share/cmake-3.7/Modules/CheckFunctionExists.c
Linking C executable cmTC_696a5
/usr/bin/cmake -E cmake_link_script CMakeFiles/cmTC_696a5.dir/link.txt --verbose=1
/usr/bin/cc   -DCHECK_FUNCTION_EXISTS=pthread_create    CMakeFiles/cmTC_696a5.dir/CheckFunctionExists.c.o  -o cmTC_696a5 -rdynamic -lpthreads 
/usr/bin/ld: cannot find -lpthreads
collect2: error: ld returned 1 exit status
CMakeFiles/cmTC_696a5.dir/build.make:97: recipe for target 'cmTC_696a5' failed
make[1]: *** [cmTC_696a5] Error 1
make[1]: Leaving directory '/home/pi/ros_catkin_ws/build_isolated/rosgraph/CMakeFiles/CMakeTmp'
Makefile:126: recipe for target 'cmTC_696a5/fast' failed
make: *** [cmTC_696a5/fast] Error 2


