Determining if the pthread_create exist failed with the following output:
Change Dir: /home/pi/ros_catkin_ws/build_isolated/ros_comm/CMakeFiles/CMakeTmp

Run Build Command:"/usr/bin/make" "cmTC_481da/fast"
/usr/bin/make -f CMakeFiles/cmTC_481da.dir/build.make CMakeFiles/cmTC_481da.dir/build
make[1]: Entering directory '/home/pi/ros_catkin_ws/build_isolated/ros_comm/CMakeFiles/CMakeTmp'
Building C object CMakeFiles/cmTC_481da.dir/CheckSymbolExists.c.o
/usr/bin/cc     -o CMakeFiles/cmTC_481da.dir/CheckSymbolExists.c.o   -c /home/pi/ros_catkin_ws/build_isolated/ros_comm/CMakeFiles/CMakeTmp/CheckSymbolExists.c
Linking C executable cmTC_481da
/usr/bin/cmake -E cmake_link_script CMakeFiles/cmTC_481da.dir/link.txt --verbose=1
/usr/bin/cc       CMakeFiles/cmTC_481da.dir/CheckSymbolExists.c.o  -o cmTC_481da -rdynamic 
CMakeFiles/cmTC_481da.dir/CheckSymbolExists.c.o: In function `main':
CheckSymbolExists.c:(.text+0x38): undefined reference to `pthread_create'
collect2: error: ld returned 1 exit status
CMakeFiles/cmTC_481da.dir/build.make:97: recipe for target 'cmTC_481da' failed
make[1]: *** [cmTC_481da] Error 1
make[1]: Leaving directory '/home/pi/ros_catkin_ws/build_isolated/ros_comm/CMakeFiles/CMakeTmp'
Makefile:126: recipe for target 'cmTC_481da/fast' failed
make: *** [cmTC_481da/fast] Error 2

File /home/pi/ros_catkin_ws/build_isolated/ros_comm/CMakeFiles/CMakeTmp/CheckSymbolExists.c:
/* */
#include <pthread.h>

int main(int argc, char** argv)
{
  (void)argv;
#ifndef pthread_create
  return ((int*)(&pthread_create))[argc];
#else
  (void)argc;
  return 0;
#endif
}

Determining if the function pthread_create exists in the pthreads failed with the following output:
Change Dir: /home/pi/ros_catkin_ws/build_isolated/ros_comm/CMakeFiles/CMakeTmp

Run Build Command:"/usr/bin/make" "cmTC_b27bf/fast"
/usr/bin/make -f CMakeFiles/cmTC_b27bf.dir/build.make CMakeFiles/cmTC_b27bf.dir/build
make[1]: Entering directory '/home/pi/ros_catkin_ws/build_isolated/ros_comm/CMakeFiles/CMakeTmp'
Building C object CMakeFiles/cmTC_b27bf.dir/CheckFunctionExists.c.o
/usr/bin/cc    -DCHECK_FUNCTION_EXISTS=pthread_create   -o CMakeFiles/cmTC_b27bf.dir/CheckFunctionExists.c.o   -c /usr/share/cmake-3.7/Modules/CheckFunctionExists.c
Linking C executable cmTC_b27bf
/usr/bin/cmake -E cmake_link_script CMakeFiles/cmTC_b27bf.dir/link.txt --verbose=1
/usr/bin/cc   -DCHECK_FUNCTION_EXISTS=pthread_create    CMakeFiles/cmTC_b27bf.dir/CheckFunctionExists.c.o  -o cmTC_b27bf -rdynamic -lpthreads 
/usr/bin/ld: cannot find -lpthreads
collect2: error: ld returned 1 exit status
CMakeFiles/cmTC_b27bf.dir/build.make:97: recipe for target 'cmTC_b27bf' failed
make[1]: *** [cmTC_b27bf] Error 1
make[1]: Leaving directory '/home/pi/ros_catkin_ws/build_isolated/ros_comm/CMakeFiles/CMakeTmp'
Makefile:126: recipe for target 'cmTC_b27bf/fast' failed
make: *** [cmTC_b27bf/fast] Error 2


