Determining if the pthread_create exist failed with the following output:
Change Dir: /home/pi/ros_catkin_ws/build_isolated/roscpp_serialization/CMakeFiles/CMakeTmp

Run Build Command:"/usr/bin/make" "cmTC_88a3c/fast"
/usr/bin/make -f CMakeFiles/cmTC_88a3c.dir/build.make CMakeFiles/cmTC_88a3c.dir/build
make[1]: Entering directory '/home/pi/ros_catkin_ws/build_isolated/roscpp_serialization/CMakeFiles/CMakeTmp'
Building C object CMakeFiles/cmTC_88a3c.dir/CheckSymbolExists.c.o
/usr/bin/cc     -o CMakeFiles/cmTC_88a3c.dir/CheckSymbolExists.c.o   -c /home/pi/ros_catkin_ws/build_isolated/roscpp_serialization/CMakeFiles/CMakeTmp/CheckSymbolExists.c
Linking C executable cmTC_88a3c
/usr/bin/cmake -E cmake_link_script CMakeFiles/cmTC_88a3c.dir/link.txt --verbose=1
/usr/bin/cc       CMakeFiles/cmTC_88a3c.dir/CheckSymbolExists.c.o  -o cmTC_88a3c -rdynamic 
CMakeFiles/cmTC_88a3c.dir/CheckSymbolExists.c.o: In function `main':
CheckSymbolExists.c:(.text+0x38): undefined reference to `pthread_create'
collect2: error: ld returned 1 exit status
CMakeFiles/cmTC_88a3c.dir/build.make:97: recipe for target 'cmTC_88a3c' failed
make[1]: *** [cmTC_88a3c] Error 1
make[1]: Leaving directory '/home/pi/ros_catkin_ws/build_isolated/roscpp_serialization/CMakeFiles/CMakeTmp'
Makefile:126: recipe for target 'cmTC_88a3c/fast' failed
make: *** [cmTC_88a3c/fast] Error 2

File /home/pi/ros_catkin_ws/build_isolated/roscpp_serialization/CMakeFiles/CMakeTmp/CheckSymbolExists.c:
/* */
#include <pthread.h>

int main(int argc, char** argv)
{
  (void)argv;
#ifndef pthread_create
  return ((int*)(&pthread_create))[argc];
#else
  (void)argc;
  return 0;
#endif
}

Determining if the function pthread_create exists in the pthreads failed with the following output:
Change Dir: /home/pi/ros_catkin_ws/build_isolated/roscpp_serialization/CMakeFiles/CMakeTmp

Run Build Command:"/usr/bin/make" "cmTC_b6b95/fast"
/usr/bin/make -f CMakeFiles/cmTC_b6b95.dir/build.make CMakeFiles/cmTC_b6b95.dir/build
make[1]: Entering directory '/home/pi/ros_catkin_ws/build_isolated/roscpp_serialization/CMakeFiles/CMakeTmp'
Building C object CMakeFiles/cmTC_b6b95.dir/CheckFunctionExists.c.o
/usr/bin/cc    -DCHECK_FUNCTION_EXISTS=pthread_create   -o CMakeFiles/cmTC_b6b95.dir/CheckFunctionExists.c.o   -c /usr/share/cmake-3.7/Modules/CheckFunctionExists.c
Linking C executable cmTC_b6b95
/usr/bin/cmake -E cmake_link_script CMakeFiles/cmTC_b6b95.dir/link.txt --verbose=1
/usr/bin/cc   -DCHECK_FUNCTION_EXISTS=pthread_create    CMakeFiles/cmTC_b6b95.dir/CheckFunctionExists.c.o  -o cmTC_b6b95 -rdynamic -lpthreads 
/usr/bin/ld: cannot find -lpthreads
collect2: error: ld returned 1 exit status
CMakeFiles/cmTC_b6b95.dir/build.make:97: recipe for target 'cmTC_b6b95' failed
make[1]: *** [cmTC_b6b95] Error 1
make[1]: Leaving directory '/home/pi/ros_catkin_ws/build_isolated/roscpp_serialization/CMakeFiles/CMakeTmp'
Makefile:126: recipe for target 'cmTC_b6b95/fast' failed
make: *** [cmTC_b6b95/fast] Error 2


