Determining if the pthread_create exist failed with the following output:
Change Dir: /home/pi/ros_catkin_ws/build_isolated/rosmaster/CMakeFiles/CMakeTmp

Run Build Command:"/usr/bin/make" "cmTC_f39ae/fast"
/usr/bin/make -f CMakeFiles/cmTC_f39ae.dir/build.make CMakeFiles/cmTC_f39ae.dir/build
make[1]: Entering directory '/home/pi/ros_catkin_ws/build_isolated/rosmaster/CMakeFiles/CMakeTmp'
Building C object CMakeFiles/cmTC_f39ae.dir/CheckSymbolExists.c.o
/usr/bin/cc     -o CMakeFiles/cmTC_f39ae.dir/CheckSymbolExists.c.o   -c /home/pi/ros_catkin_ws/build_isolated/rosmaster/CMakeFiles/CMakeTmp/CheckSymbolExists.c
Linking C executable cmTC_f39ae
/usr/bin/cmake -E cmake_link_script CMakeFiles/cmTC_f39ae.dir/link.txt --verbose=1
/usr/bin/cc       CMakeFiles/cmTC_f39ae.dir/CheckSymbolExists.c.o  -o cmTC_f39ae -rdynamic 
CMakeFiles/cmTC_f39ae.dir/CheckSymbolExists.c.o: In function `main':
CheckSymbolExists.c:(.text+0x38): undefined reference to `pthread_create'
collect2: error: ld returned 1 exit status
CMakeFiles/cmTC_f39ae.dir/build.make:97: recipe for target 'cmTC_f39ae' failed
make[1]: *** [cmTC_f39ae] Error 1
make[1]: Leaving directory '/home/pi/ros_catkin_ws/build_isolated/rosmaster/CMakeFiles/CMakeTmp'
Makefile:126: recipe for target 'cmTC_f39ae/fast' failed
make: *** [cmTC_f39ae/fast] Error 2

File /home/pi/ros_catkin_ws/build_isolated/rosmaster/CMakeFiles/CMakeTmp/CheckSymbolExists.c:
/* */
#include <pthread.h>

int main(int argc, char** argv)
{
  (void)argv;
#ifndef pthread_create
  return ((int*)(&pthread_create))[argc];
#else
  (void)argc;
  return 0;
#endif
}

Determining if the function pthread_create exists in the pthreads failed with the following output:
Change Dir: /home/pi/ros_catkin_ws/build_isolated/rosmaster/CMakeFiles/CMakeTmp

Run Build Command:"/usr/bin/make" "cmTC_838fa/fast"
/usr/bin/make -f CMakeFiles/cmTC_838fa.dir/build.make CMakeFiles/cmTC_838fa.dir/build
make[1]: Entering directory '/home/pi/ros_catkin_ws/build_isolated/rosmaster/CMakeFiles/CMakeTmp'
Building C object CMakeFiles/cmTC_838fa.dir/CheckFunctionExists.c.o
/usr/bin/cc    -DCHECK_FUNCTION_EXISTS=pthread_create   -o CMakeFiles/cmTC_838fa.dir/CheckFunctionExists.c.o   -c /usr/share/cmake-3.7/Modules/CheckFunctionExists.c
Linking C executable cmTC_838fa
/usr/bin/cmake -E cmake_link_script CMakeFiles/cmTC_838fa.dir/link.txt --verbose=1
/usr/bin/cc   -DCHECK_FUNCTION_EXISTS=pthread_create    CMakeFiles/cmTC_838fa.dir/CheckFunctionExists.c.o  -o cmTC_838fa -rdynamic -lpthreads 
/usr/bin/ld: cannot find -lpthreads
collect2: error: ld returned 1 exit status
CMakeFiles/cmTC_838fa.dir/build.make:97: recipe for target 'cmTC_838fa' failed
make[1]: *** [cmTC_838fa] Error 1
make[1]: Leaving directory '/home/pi/ros_catkin_ws/build_isolated/rosmaster/CMakeFiles/CMakeTmp'
Makefile:126: recipe for target 'cmTC_838fa/fast' failed
make: *** [cmTC_838fa/fast] Error 2


