Determining if the pthread_create exist failed with the following output:
Change Dir: /home/pi/ros_catkin_ws/build_isolated/pluginlib/CMakeFiles/CMakeTmp

Run Build Command:"/usr/bin/make" "cmTC_7ad00/fast"
/usr/bin/make -f CMakeFiles/cmTC_7ad00.dir/build.make CMakeFiles/cmTC_7ad00.dir/build
make[1]: Entering directory '/home/pi/ros_catkin_ws/build_isolated/pluginlib/CMakeFiles/CMakeTmp'
Building C object CMakeFiles/cmTC_7ad00.dir/CheckSymbolExists.c.o
/usr/bin/cc     -o CMakeFiles/cmTC_7ad00.dir/CheckSymbolExists.c.o   -c /home/pi/ros_catkin_ws/build_isolated/pluginlib/CMakeFiles/CMakeTmp/CheckSymbolExists.c
Linking C executable cmTC_7ad00
/usr/bin/cmake -E cmake_link_script CMakeFiles/cmTC_7ad00.dir/link.txt --verbose=1
/usr/bin/cc       CMakeFiles/cmTC_7ad00.dir/CheckSymbolExists.c.o  -o cmTC_7ad00 -rdynamic 
CMakeFiles/cmTC_7ad00.dir/CheckSymbolExists.c.o: In function `main':
CheckSymbolExists.c:(.text+0x38): undefined reference to `pthread_create'
collect2: error: ld returned 1 exit status
CMakeFiles/cmTC_7ad00.dir/build.make:97: recipe for target 'cmTC_7ad00' failed
make[1]: *** [cmTC_7ad00] Error 1
make[1]: Leaving directory '/home/pi/ros_catkin_ws/build_isolated/pluginlib/CMakeFiles/CMakeTmp'
Makefile:126: recipe for target 'cmTC_7ad00/fast' failed
make: *** [cmTC_7ad00/fast] Error 2

File /home/pi/ros_catkin_ws/build_isolated/pluginlib/CMakeFiles/CMakeTmp/CheckSymbolExists.c:
/* */
#include <pthread.h>

int main(int argc, char** argv)
{
  (void)argv;
#ifndef pthread_create
  return ((int*)(&pthread_create))[argc];
#else
  (void)argc;
  return 0;
#endif
}

Determining if the function pthread_create exists in the pthreads failed with the following output:
Change Dir: /home/pi/ros_catkin_ws/build_isolated/pluginlib/CMakeFiles/CMakeTmp

Run Build Command:"/usr/bin/make" "cmTC_4621a/fast"
/usr/bin/make -f CMakeFiles/cmTC_4621a.dir/build.make CMakeFiles/cmTC_4621a.dir/build
make[1]: Entering directory '/home/pi/ros_catkin_ws/build_isolated/pluginlib/CMakeFiles/CMakeTmp'
Building C object CMakeFiles/cmTC_4621a.dir/CheckFunctionExists.c.o
/usr/bin/cc    -DCHECK_FUNCTION_EXISTS=pthread_create   -o CMakeFiles/cmTC_4621a.dir/CheckFunctionExists.c.o   -c /usr/share/cmake-3.7/Modules/CheckFunctionExists.c
Linking C executable cmTC_4621a
/usr/bin/cmake -E cmake_link_script CMakeFiles/cmTC_4621a.dir/link.txt --verbose=1
/usr/bin/cc   -DCHECK_FUNCTION_EXISTS=pthread_create    CMakeFiles/cmTC_4621a.dir/CheckFunctionExists.c.o  -o cmTC_4621a -rdynamic -lpthreads 
/usr/bin/ld: cannot find -lpthreads
collect2: error: ld returned 1 exit status
CMakeFiles/cmTC_4621a.dir/build.make:97: recipe for target 'cmTC_4621a' failed
make[1]: *** [cmTC_4621a] Error 1
make[1]: Leaving directory '/home/pi/ros_catkin_ws/build_isolated/pluginlib/CMakeFiles/CMakeTmp'
Makefile:126: recipe for target 'cmTC_4621a/fast' failed
make: *** [cmTC_4621a/fast] Error 2


