Determining if the pthread_create exist failed with the following output:
Change Dir: /home/pi/ros_catkin_ws/build_isolated/std_srvs/CMakeFiles/CMakeTmp

Run Build Command:"/usr/bin/make" "cmTC_6baff/fast"
/usr/bin/make -f CMakeFiles/cmTC_6baff.dir/build.make CMakeFiles/cmTC_6baff.dir/build
make[1]: Entering directory '/home/pi/ros_catkin_ws/build_isolated/std_srvs/CMakeFiles/CMakeTmp'
Building C object CMakeFiles/cmTC_6baff.dir/CheckSymbolExists.c.o
/usr/bin/cc     -o CMakeFiles/cmTC_6baff.dir/CheckSymbolExists.c.o   -c /home/pi/ros_catkin_ws/build_isolated/std_srvs/CMakeFiles/CMakeTmp/CheckSymbolExists.c
Linking C executable cmTC_6baff
/usr/bin/cmake -E cmake_link_script CMakeFiles/cmTC_6baff.dir/link.txt --verbose=1
/usr/bin/cc       CMakeFiles/cmTC_6baff.dir/CheckSymbolExists.c.o  -o cmTC_6baff -rdynamic 
CMakeFiles/cmTC_6baff.dir/CheckSymbolExists.c.o: In function `main':
CheckSymbolExists.c:(.text+0x38): undefined reference to `pthread_create'
collect2: error: ld returned 1 exit status
CMakeFiles/cmTC_6baff.dir/build.make:97: recipe for target 'cmTC_6baff' failed
make[1]: *** [cmTC_6baff] Error 1
make[1]: Leaving directory '/home/pi/ros_catkin_ws/build_isolated/std_srvs/CMakeFiles/CMakeTmp'
Makefile:126: recipe for target 'cmTC_6baff/fast' failed
make: *** [cmTC_6baff/fast] Error 2

File /home/pi/ros_catkin_ws/build_isolated/std_srvs/CMakeFiles/CMakeTmp/CheckSymbolExists.c:
/* */
#include <pthread.h>

int main(int argc, char** argv)
{
  (void)argv;
#ifndef pthread_create
  return ((int*)(&pthread_create))[argc];
#else
  (void)argc;
  return 0;
#endif
}

Determining if the function pthread_create exists in the pthreads failed with the following output:
Change Dir: /home/pi/ros_catkin_ws/build_isolated/std_srvs/CMakeFiles/CMakeTmp

Run Build Command:"/usr/bin/make" "cmTC_d870b/fast"
/usr/bin/make -f CMakeFiles/cmTC_d870b.dir/build.make CMakeFiles/cmTC_d870b.dir/build
make[1]: Entering directory '/home/pi/ros_catkin_ws/build_isolated/std_srvs/CMakeFiles/CMakeTmp'
Building C object CMakeFiles/cmTC_d870b.dir/CheckFunctionExists.c.o
/usr/bin/cc    -DCHECK_FUNCTION_EXISTS=pthread_create   -o CMakeFiles/cmTC_d870b.dir/CheckFunctionExists.c.o   -c /usr/share/cmake-3.7/Modules/CheckFunctionExists.c
Linking C executable cmTC_d870b
/usr/bin/cmake -E cmake_link_script CMakeFiles/cmTC_d870b.dir/link.txt --verbose=1
/usr/bin/cc   -DCHECK_FUNCTION_EXISTS=pthread_create    CMakeFiles/cmTC_d870b.dir/CheckFunctionExists.c.o  -o cmTC_d870b -rdynamic -lpthreads 
/usr/bin/ld: cannot find -lpthreads
collect2: error: ld returned 1 exit status
CMakeFiles/cmTC_d870b.dir/build.make:97: recipe for target 'cmTC_d870b' failed
make[1]: *** [cmTC_d870b] Error 1
make[1]: Leaving directory '/home/pi/ros_catkin_ws/build_isolated/std_srvs/CMakeFiles/CMakeTmp'
Makefile:126: recipe for target 'cmTC_d870b/fast' failed
make: *** [cmTC_d870b/fast] Error 2


