Determining if the pthread_create exist failed with the following output:
Change Dir: /home/pi/ros_catkin_ws/build_isolated/ros/CMakeFiles/CMakeTmp

Run Build Command:"/usr/bin/make" "cmTC_c0fb8/fast"
/usr/bin/make -f CMakeFiles/cmTC_c0fb8.dir/build.make CMakeFiles/cmTC_c0fb8.dir/build
make[1]: Entering directory '/home/pi/ros_catkin_ws/build_isolated/ros/CMakeFiles/CMakeTmp'
Building C object CMakeFiles/cmTC_c0fb8.dir/CheckSymbolExists.c.o
/usr/bin/cc     -o CMakeFiles/cmTC_c0fb8.dir/CheckSymbolExists.c.o   -c /home/pi/ros_catkin_ws/build_isolated/ros/CMakeFiles/CMakeTmp/CheckSymbolExists.c
Linking C executable cmTC_c0fb8
/usr/bin/cmake -E cmake_link_script CMakeFiles/cmTC_c0fb8.dir/link.txt --verbose=1
/usr/bin/cc       CMakeFiles/cmTC_c0fb8.dir/CheckSymbolExists.c.o  -o cmTC_c0fb8 -rdynamic 
CMakeFiles/cmTC_c0fb8.dir/CheckSymbolExists.c.o: In function `main':
CheckSymbolExists.c:(.text+0x38): undefined reference to `pthread_create'
collect2: error: ld returned 1 exit status
CMakeFiles/cmTC_c0fb8.dir/build.make:97: recipe for target 'cmTC_c0fb8' failed
make[1]: *** [cmTC_c0fb8] Error 1
make[1]: Leaving directory '/home/pi/ros_catkin_ws/build_isolated/ros/CMakeFiles/CMakeTmp'
Makefile:126: recipe for target 'cmTC_c0fb8/fast' failed
make: *** [cmTC_c0fb8/fast] Error 2

File /home/pi/ros_catkin_ws/build_isolated/ros/CMakeFiles/CMakeTmp/CheckSymbolExists.c:
/* */
#include <pthread.h>

int main(int argc, char** argv)
{
  (void)argv;
#ifndef pthread_create
  return ((int*)(&pthread_create))[argc];
#else
  (void)argc;
  return 0;
#endif
}

Determining if the function pthread_create exists in the pthreads failed with the following output:
Change Dir: /home/pi/ros_catkin_ws/build_isolated/ros/CMakeFiles/CMakeTmp

Run Build Command:"/usr/bin/make" "cmTC_16f66/fast"
/usr/bin/make -f CMakeFiles/cmTC_16f66.dir/build.make CMakeFiles/cmTC_16f66.dir/build
make[1]: Entering directory '/home/pi/ros_catkin_ws/build_isolated/ros/CMakeFiles/CMakeTmp'
Building C object CMakeFiles/cmTC_16f66.dir/CheckFunctionExists.c.o
/usr/bin/cc    -DCHECK_FUNCTION_EXISTS=pthread_create   -o CMakeFiles/cmTC_16f66.dir/CheckFunctionExists.c.o   -c /usr/share/cmake-3.7/Modules/CheckFunctionExists.c
Linking C executable cmTC_16f66
/usr/bin/cmake -E cmake_link_script CMakeFiles/cmTC_16f66.dir/link.txt --verbose=1
/usr/bin/cc   -DCHECK_FUNCTION_EXISTS=pthread_create    CMakeFiles/cmTC_16f66.dir/CheckFunctionExists.c.o  -o cmTC_16f66 -rdynamic -lpthreads 
/usr/bin/ld: cannot find -lpthreads
collect2: error: ld returned 1 exit status
CMakeFiles/cmTC_16f66.dir/build.make:97: recipe for target 'cmTC_16f66' failed
make[1]: *** [cmTC_16f66] Error 1
make[1]: Leaving directory '/home/pi/ros_catkin_ws/build_isolated/ros/CMakeFiles/CMakeTmp'
Makefile:126: recipe for target 'cmTC_16f66/fast' failed
make: *** [cmTC_16f66/fast] Error 2


