Determining if the pthread_create exist failed with the following output:
Change Dir: /home/pi/ros_catkin_ws/build_isolated/image_geometry/CMakeFiles/CMakeTmp

Run Build Command:"/usr/bin/make" "cmTC_6274d/fast"
/usr/bin/make -f CMakeFiles/cmTC_6274d.dir/build.make CMakeFiles/cmTC_6274d.dir/build
make[1]: Entering directory '/home/pi/ros_catkin_ws/build_isolated/image_geometry/CMakeFiles/CMakeTmp'
Building C object CMakeFiles/cmTC_6274d.dir/CheckSymbolExists.c.o
/usr/bin/cc     -o CMakeFiles/cmTC_6274d.dir/CheckSymbolExists.c.o   -c /home/pi/ros_catkin_ws/build_isolated/image_geometry/CMakeFiles/CMakeTmp/CheckSymbolExists.c
Linking C executable cmTC_6274d
/usr/bin/cmake -E cmake_link_script CMakeFiles/cmTC_6274d.dir/link.txt --verbose=1
/usr/bin/cc       CMakeFiles/cmTC_6274d.dir/CheckSymbolExists.c.o  -o cmTC_6274d -rdynamic 
CMakeFiles/cmTC_6274d.dir/CheckSymbolExists.c.o: In function `main':
CheckSymbolExists.c:(.text+0x38): undefined reference to `pthread_create'
collect2: error: ld returned 1 exit status
CMakeFiles/cmTC_6274d.dir/build.make:97: recipe for target 'cmTC_6274d' failed
make[1]: *** [cmTC_6274d] Error 1
make[1]: Leaving directory '/home/pi/ros_catkin_ws/build_isolated/image_geometry/CMakeFiles/CMakeTmp'
Makefile:126: recipe for target 'cmTC_6274d/fast' failed
make: *** [cmTC_6274d/fast] Error 2

File /home/pi/ros_catkin_ws/build_isolated/image_geometry/CMakeFiles/CMakeTmp/CheckSymbolExists.c:
/* */
#include <pthread.h>

int main(int argc, char** argv)
{
  (void)argv;
#ifndef pthread_create
  return ((int*)(&pthread_create))[argc];
#else
  (void)argc;
  return 0;
#endif
}

Determining if the function pthread_create exists in the pthreads failed with the following output:
Change Dir: /home/pi/ros_catkin_ws/build_isolated/image_geometry/CMakeFiles/CMakeTmp

Run Build Command:"/usr/bin/make" "cmTC_723ab/fast"
/usr/bin/make -f CMakeFiles/cmTC_723ab.dir/build.make CMakeFiles/cmTC_723ab.dir/build
make[1]: Entering directory '/home/pi/ros_catkin_ws/build_isolated/image_geometry/CMakeFiles/CMakeTmp'
Building C object CMakeFiles/cmTC_723ab.dir/CheckFunctionExists.c.o
/usr/bin/cc    -DCHECK_FUNCTION_EXISTS=pthread_create   -o CMakeFiles/cmTC_723ab.dir/CheckFunctionExists.c.o   -c /usr/share/cmake-3.7/Modules/CheckFunctionExists.c
Linking C executable cmTC_723ab
/usr/bin/cmake -E cmake_link_script CMakeFiles/cmTC_723ab.dir/link.txt --verbose=1
/usr/bin/cc   -DCHECK_FUNCTION_EXISTS=pthread_create    CMakeFiles/cmTC_723ab.dir/CheckFunctionExists.c.o  -o cmTC_723ab -rdynamic -lpthreads 
/usr/bin/ld: cannot find -lpthreads
collect2: error: ld returned 1 exit status
CMakeFiles/cmTC_723ab.dir/build.make:97: recipe for target 'cmTC_723ab' failed
make[1]: *** [cmTC_723ab] Error 1
make[1]: Leaving directory '/home/pi/ros_catkin_ws/build_isolated/image_geometry/CMakeFiles/CMakeTmp'
Makefile:126: recipe for target 'cmTC_723ab/fast' failed
make: *** [cmTC_723ab/fast] Error 2


