Determining if the pthread_create exist failed with the following output:
Change Dir: /home/pi/ros_catkin_ws/build_isolated/rosout/CMakeFiles/CMakeTmp

Run Build Command:"/usr/bin/make" "cmTC_fe7dc/fast"
/usr/bin/make -f CMakeFiles/cmTC_fe7dc.dir/build.make CMakeFiles/cmTC_fe7dc.dir/build
make[1]: Entering directory '/home/pi/ros_catkin_ws/build_isolated/rosout/CMakeFiles/CMakeTmp'
Building C object CMakeFiles/cmTC_fe7dc.dir/CheckSymbolExists.c.o
/usr/bin/cc     -o CMakeFiles/cmTC_fe7dc.dir/CheckSymbolExists.c.o   -c /home/pi/ros_catkin_ws/build_isolated/rosout/CMakeFiles/CMakeTmp/CheckSymbolExists.c
Linking C executable cmTC_fe7dc
/usr/bin/cmake -E cmake_link_script CMakeFiles/cmTC_fe7dc.dir/link.txt --verbose=1
/usr/bin/cc       CMakeFiles/cmTC_fe7dc.dir/CheckSymbolExists.c.o  -o cmTC_fe7dc -rdynamic 
CMakeFiles/cmTC_fe7dc.dir/CheckSymbolExists.c.o: In function `main':
CheckSymbolExists.c:(.text+0x38): undefined reference to `pthread_create'
collect2: error: ld returned 1 exit status
CMakeFiles/cmTC_fe7dc.dir/build.make:97: recipe for target 'cmTC_fe7dc' failed
make[1]: *** [cmTC_fe7dc] Error 1
make[1]: Leaving directory '/home/pi/ros_catkin_ws/build_isolated/rosout/CMakeFiles/CMakeTmp'
Makefile:126: recipe for target 'cmTC_fe7dc/fast' failed
make: *** [cmTC_fe7dc/fast] Error 2

File /home/pi/ros_catkin_ws/build_isolated/rosout/CMakeFiles/CMakeTmp/CheckSymbolExists.c:
/* */
#include <pthread.h>

int main(int argc, char** argv)
{
  (void)argv;
#ifndef pthread_create
  return ((int*)(&pthread_create))[argc];
#else
  (void)argc;
  return 0;
#endif
}

Determining if the function pthread_create exists in the pthreads failed with the following output:
Change Dir: /home/pi/ros_catkin_ws/build_isolated/rosout/CMakeFiles/CMakeTmp

Run Build Command:"/usr/bin/make" "cmTC_746ef/fast"
/usr/bin/make -f CMakeFiles/cmTC_746ef.dir/build.make CMakeFiles/cmTC_746ef.dir/build
make[1]: Entering directory '/home/pi/ros_catkin_ws/build_isolated/rosout/CMakeFiles/CMakeTmp'
Building C object CMakeFiles/cmTC_746ef.dir/CheckFunctionExists.c.o
/usr/bin/cc    -DCHECK_FUNCTION_EXISTS=pthread_create   -o CMakeFiles/cmTC_746ef.dir/CheckFunctionExists.c.o   -c /usr/share/cmake-3.7/Modules/CheckFunctionExists.c
Linking C executable cmTC_746ef
/usr/bin/cmake -E cmake_link_script CMakeFiles/cmTC_746ef.dir/link.txt --verbose=1
/usr/bin/cc   -DCHECK_FUNCTION_EXISTS=pthread_create    CMakeFiles/cmTC_746ef.dir/CheckFunctionExists.c.o  -o cmTC_746ef -rdynamic -lpthreads 
/usr/bin/ld: cannot find -lpthreads
collect2: error: ld returned 1 exit status
CMakeFiles/cmTC_746ef.dir/build.make:97: recipe for target 'cmTC_746ef' failed
make[1]: *** [cmTC_746ef] Error 1
make[1]: Leaving directory '/home/pi/ros_catkin_ws/build_isolated/rosout/CMakeFiles/CMakeTmp'
Makefile:126: recipe for target 'cmTC_746ef/fast' failed
make: *** [cmTC_746ef/fast] Error 2


