Determining if the pthread_create exist failed with the following output:
Change Dir: /home/ubuntu/diff/build/CMakeFiles/CMakeTmp

Run Build Command:"/usr/bin/make" "cmTC_8568c/fast"
/usr/bin/make -f CMakeFiles/cmTC_8568c.dir/build.make CMakeFiles/cmTC_8568c.dir/build
make[1]: Entering directory '/home/ubuntu/diff/build/CMakeFiles/CMakeTmp'
Building C object CMakeFiles/cmTC_8568c.dir/CheckSymbolExists.c.o
/usr/bin/cc     -o CMakeFiles/cmTC_8568c.dir/CheckSymbolExists.c.o   -c /home/ubuntu/diff/build/CMakeFiles/CMakeTmp/CheckSymbolExists.c
Linking C executable cmTC_8568c
/usr/bin/cmake -E cmake_link_script CMakeFiles/cmTC_8568c.dir/link.txt --verbose=1
/usr/bin/cc       CMakeFiles/cmTC_8568c.dir/CheckSymbolExists.c.o  -o cmTC_8568c -rdynamic 
CMakeFiles/cmTC_8568c.dir/CheckSymbolExists.c.o: In function `main':
CheckSymbolExists.c:(.text+0xe): undefined reference to `pthread_create'
CheckSymbolExists.c:(.text+0x12): undefined reference to `pthread_create'
collect2: error: ld returned 1 exit status
CMakeFiles/cmTC_8568c.dir/build.make:97: recipe for target 'cmTC_8568c' failed
make[1]: *** [cmTC_8568c] Error 1
make[1]: Leaving directory '/home/ubuntu/diff/build/CMakeFiles/CMakeTmp'
Makefile:126: recipe for target 'cmTC_8568c/fast' failed
make: *** [cmTC_8568c/fast] Error 2

File /home/ubuntu/diff/build/CMakeFiles/CMakeTmp/CheckSymbolExists.c:
/* */
#include <pthread.h>

int main(int argc, char** argv)
{
  (void)argv;
#ifndef pthread_create
  return ((int*)(&pthread_create))[argc];
#else
  (void)argc;
  return 0;
#endif
}

Determining if the function pthread_create exists in the pthreads failed with the following output:
Change Dir: /home/ubuntu/diff/build/CMakeFiles/CMakeTmp

Run Build Command:"/usr/bin/make" "cmTC_f4e7c/fast"
/usr/bin/make -f CMakeFiles/cmTC_f4e7c.dir/build.make CMakeFiles/cmTC_f4e7c.dir/build
make[1]: Entering directory '/home/ubuntu/diff/build/CMakeFiles/CMakeTmp'
Building C object CMakeFiles/cmTC_f4e7c.dir/CheckFunctionExists.c.o
/usr/bin/cc    -DCHECK_FUNCTION_EXISTS=pthread_create   -o CMakeFiles/cmTC_f4e7c.dir/CheckFunctionExists.c.o   -c /usr/share/cmake-3.5/Modules/CheckFunctionExists.c
Linking C executable cmTC_f4e7c
/usr/bin/cmake -E cmake_link_script CMakeFiles/cmTC_f4e7c.dir/link.txt --verbose=1
/usr/bin/cc   -DCHECK_FUNCTION_EXISTS=pthread_create    CMakeFiles/cmTC_f4e7c.dir/CheckFunctionExists.c.o  -o cmTC_f4e7c -rdynamic -lpthreads 
/usr/bin/ld: cannot find -lpthreads
collect2: error: ld returned 1 exit status
CMakeFiles/cmTC_f4e7c.dir/build.make:97: recipe for target 'cmTC_f4e7c' failed
make[1]: *** [cmTC_f4e7c] Error 1
make[1]: Leaving directory '/home/ubuntu/diff/build/CMakeFiles/CMakeTmp'
Makefile:126: recipe for target 'cmTC_f4e7c/fast' failed
make: *** [cmTC_f4e7c/fast] Error 2


